2024-12-19 11:28:25,904 - INFO - Reading hypergeometric adjacency matrix
2024-12-19 11:28:27,748 - INFO - Reading weighted adjacency matrix
2024-12-19 11:28:29,275 - INFO - Done reading matrices
2024-12-19 11:29:17,399 - INFO - Loaded gene presence-absence matrix.
2024-12-19 11:29:17,402 - INFO - Number of genomes after intersection: 5086
2024-12-19 11:29:17,674 - INFO - Presence-absence matrix subset to 5086 genomes.
2024-12-19 11:29:17,675 - INFO - Loading original taxonomy data to extract 'Family' and 'Genus' labels.
2024-12-19 11:29:17,682 - INFO - Extracted 'Family' and 'Genus' labels.
2024-12-19 11:29:18,747 - INFO - Aligning data across all matrices and labels.
2024-12-19 11:29:18,750 - INFO - Found 5086 shared indices across all datasets.
2024-12-19 11:29:19,503 - INFO - Starting memory-optimized training setup with random node features.
2024-12-19 11:29:19,503 - INFO - Preparing training tensors.
2024-12-19 11:29:19,814 - INFO - Shared indices across matrices: 5086
2024-12-19 11:29:27,538 - INFO - Filtered edge features tensor created with two-dimensional attributes.
2024-12-19 11:29:30,646 - INFO - Link types tensor created.
2024-12-19 11:29:30,918 - INFO - Number of links for each class after sampling: {np.float32(1.0): np.int64(165658), np.float32(2.0): np.int64(131299), np.float32(3.0): np.int64(92666)}
2024-12-19 11:29:31,127 - INFO - Data split into train, validation, and test sets.
2024-12-19 11:29:31,128 - INFO - Epoch 1/10 - Training...
2024-12-19 11:29:53,114 - INFO - Epoch 1/10, Loss: 105.8634
2024-12-19 11:29:53,114 - INFO - Evaluating Validation...
2024-12-19 11:29:54,013 - INFO - Epoch 1/10, Validation Accuracy: 0.9227
2024-12-19 11:29:54,013 - INFO - Epoch 2/10 - Training...
2024-12-19 11:30:15,784 - INFO - Epoch 2/10, Loss: 61.4979
2024-12-19 11:30:15,785 - INFO - Evaluating Validation...
2024-12-19 11:30:16,680 - INFO - Epoch 2/10, Validation Accuracy: 0.9344
2024-12-19 11:30:16,680 - INFO - Epoch 3/10 - Training...
2024-12-19 11:30:38,466 - INFO - Epoch 3/10, Loss: 52.4088
2024-12-19 11:30:38,466 - INFO - Evaluating Validation...
2024-12-19 11:30:39,360 - INFO - Epoch 3/10, Validation Accuracy: 0.9348
2024-12-19 11:30:39,360 - INFO - Epoch 4/10 - Training...
2024-12-19 11:31:01,131 - INFO - Epoch 4/10, Loss: 48.6250
2024-12-19 11:31:01,131 - INFO - Evaluating Validation...
2024-12-19 11:31:02,029 - INFO - Epoch 4/10, Validation Accuracy: 0.9432
2024-12-19 11:31:02,030 - INFO - Epoch 5/10 - Training...
2024-12-19 11:31:23,819 - INFO - Epoch 5/10, Loss: 44.7244
2024-12-19 11:31:23,820 - INFO - Evaluating Validation...
2024-12-19 11:31:24,712 - INFO - Epoch 5/10, Validation Accuracy: 0.9541
2024-12-19 11:31:24,712 - INFO - Epoch 6/10 - Training...
2024-12-19 11:31:46,498 - INFO - Epoch 6/10, Loss: 42.5376
2024-12-19 11:31:46,498 - INFO - Evaluating Validation...
2024-12-19 11:31:47,396 - INFO - Epoch 6/10, Validation Accuracy: 0.9542
2024-12-19 11:31:47,396 - INFO - Epoch 7/10 - Training...
2024-12-19 11:32:09,176 - INFO - Epoch 7/10, Loss: 42.2437
2024-12-19 11:32:09,176 - INFO - Evaluating Validation...
2024-12-19 11:32:10,074 - INFO - Epoch 7/10, Validation Accuracy: 0.9494
2024-12-19 11:32:10,074 - INFO - Epoch 8/10 - Training...
2024-12-19 11:32:31,848 - INFO - Epoch 8/10, Loss: 39.2311
2024-12-19 11:32:31,848 - INFO - Evaluating Validation...
2024-12-19 11:32:32,747 - INFO - Epoch 8/10, Validation Accuracy: 0.9607
2024-12-19 11:32:32,747 - INFO - Epoch 9/10 - Training...
2024-12-19 11:32:54,537 - INFO - Epoch 9/10, Loss: 38.3513
2024-12-19 11:32:54,537 - INFO - Evaluating Validation...
2024-12-19 11:32:55,431 - INFO - Epoch 9/10, Validation Accuracy: 0.9599
2024-12-19 11:32:55,432 - INFO - Epoch 10/10 - Training...
2024-12-19 11:33:17,221 - INFO - Epoch 10/10, Loss: 37.6904
2024-12-19 11:33:17,221 - INFO - Evaluating Validation...
2024-12-19 11:33:18,113 - INFO - Epoch 10/10, Validation Accuracy: 0.9641
2024-12-19 11:33:18,516 - INFO - Evaluating Test...
2024-12-19 11:33:19,450 - INFO - Test Class-Specific Metrics:
2024-12-19 11:33:19,450 - INFO - Class 1: Precision=0.9964, Recall=0.9964, F1-Score=0.9964
2024-12-19 11:33:19,450 - INFO - Class 2: Precision=0.9309, Recall=0.9711, F1-Score=0.9505
2024-12-19 11:33:19,450 - INFO - Class 3: Precision=0.9600, Recall=0.8997, F1-Score=0.9289
2024-12-19 11:33:19,450 - INFO - Final Test Accuracy: 0.9651
2024-12-19 11:33:19,450 - INFO - Final Test Class-Specific Metrics:
2024-12-19 11:33:19,450 - INFO - Class 1: Precision=0.9964, Recall=0.9964, F1-Score=0.9964
2024-12-19 11:33:19,450 - INFO - Class 2: Precision=0.9309, Recall=0.9711, F1-Score=0.9505
2024-12-19 11:33:19,450 - INFO - Class 3: Precision=0.9600, Recall=0.8997, F1-Score=0.9289
2024-12-19 11:33:19,550 - INFO - Confusion matrix saved.
2024-12-19 11:33:20,140 - INFO - Starting forward pass visualization.
2024-12-19 11:33:25,978 - INFO - t-SNE visualization saved at Data/output/forward_tsne.png
2024-12-19 11:33:26,186 - INFO - Family label propagation accuracy: 0.9421, recall: 0.9421
2024-12-19 11:33:26,186 - INFO - Genus label propagation accuracy: 0.7730, recall: 0.5431
